<?xml version="1.0" encoding="UTF-8"?>
<!-- Generated by org.testng.reporters.JUnitReportReporter -->
<testsuite skipped="0" hostname="LAPTOP-76PGCCB3" name="TestFramework.basics4" tests="1" failures="0" timestamp="2019-12-09T09:25:08 IST" time="0.715" errors="0">
  <testcase name="postDataXML" time="0.715" classname="TestFramework.basics4"/>
</testsuite> <!-- TestFramework.basics4 -->
