<?xml version="1.0" encoding="UTF-8"?>
<!-- Generated by org.testng.reporters.JUnitReportReporter -->
<testsuite skipped="0" hostname="LAPTOP-76PGCCB3" name="TestFramework.basics" tests="1" failures="0" timestamp="2019-12-09T09:25:08 IST" time="3.682" errors="0">
  <testcase name="getPlaceAPI" time="3.682" classname="TestFramework.basics"/>
</testsuite> <!-- TestFramework.basics -->
