<?xml version="1.0" encoding="UTF-8"?>
<!-- Generated by org.testng.reporters.JUnitReportReporter -->
<testsuite skipped="0" hostname="LAPTOP-76PGCCB3" name="TestFramework.basics2" tests="1" failures="0" timestamp="2019-12-09T09:25:08 IST" time="0.356" errors="0">
  <testcase name="createPlaceAPI" time="0.356" classname="TestFramework.basics2"/>
</testsuite> <!-- TestFramework.basics2 -->
