<?xml version="1.0" encoding="UTF-8"?>
<!-- Generated by org.testng.reporters.JUnitReportReporter -->
<testsuite skipped="0" hostname="LAPTOP-76PGCCB3" name="TestFramework.exceldriven" tests="3" failures="0" timestamp="2019-12-17T09:19:44 IST" time="2.609" errors="0">
  <testcase name="addbook" time="0.503" classname="TestFramework.exceldriven"/>
  <testcase name="addbook" time="0.310" classname="TestFramework.exceldriven"/>
  <testcase name="addbook" time="1.796" classname="TestFramework.exceldriven"/>
</testsuite> <!-- TestFramework.exceldriven -->
