<?xml version="1.0" encoding="UTF-8"?>
<!-- Generated by org.testng.reporters.JUnitReportReporter -->
<testsuite hostname="LAPTOP-76PGCCB3" name="TestFramework.basics3" tests="1" failures="0" timestamp="9 Dec 2019 00:51:36 GMT" time="0.417" errors="0">
  <testcase name="AddandDeletePlace" time="0.417" classname="TestFramework.basics3"/>
</testsuite>
