<?xml version="1.0" encoding="UTF-8"?>
<!-- Generated by org.testng.reporters.JUnitReportReporter -->
<testsuite hostname="LAPTOP-76PGCCB3" name="TestFramework.basics2" tests="1" failures="0" timestamp="9 Dec 2019 00:51:36 GMT" time="0.193" errors="0">
  <testcase name="createPlaceAPI" time="0.193" classname="TestFramework.basics2"/>
</testsuite>
