<?xml version="1.0" encoding="UTF-8"?>
<!-- Generated by org.testng.reporters.JUnitReportReporter -->
<testsuite hostname="LAPTOP-76PGCCB3" name="TestFramework.basics" tests="1" failures="0" timestamp="9 Dec 2019 00:51:36 GMT" time="2.419" errors="0">
  <testcase name="getPlaceAPI" time="2.419" classname="TestFramework.basics"/>
</testsuite>
